#
# There is insufficient memory for the Java Runtime Environment to continue.
# Native memory allocation (malloc) failed to allocate 35920 bytes for Chunk::new
# Possible reasons:
#   The system is out of physical RAM or swap space
#   The process is running with CompressedOops enabled, and the Java Heap may be blocking the growth of the native heap
# Possible solutions:
#   Reduce memory load on the system
#   Increase physical memory or swap space
#   Check if swap backing store is full
#   Decrease Java heap size (-Xmx/-Xms)
#   Decrease number of Java threads
#   Decrease Java thread stack sizes (-Xss)
#   Set larger code cache with -XX:ReservedCodeCacheSize=
#   JVM is running with Zero Based Compressed Oops mode in which the Java heap is
#     placed in the first 32GB address space. The Java Heap base address is the
#     maximum limit for the native heap growth. Please use -XX:HeapBaseMinAddress
#     to set the Java Heap base and to place the Java Heap above 32GB virtual address.
# This output file may be truncated or incomplete.
#
#  Out of Memory Error (arena.cpp:195), pid=25172, tid=18552
#
# JRE version: Java(TM) SE Runtime Environment (16.0.2+7) (build 16.0.2+7-67)
# Java VM: Java HotSpot(TM) 64-Bit Server VM (16.0.2+7-67, mixed mode, sharing, tiered, compressed oops, compressed class ptrs, g1 gc, windows-amd64)
# No core dump will be written. Minidumps are not enabled by default on client versions of Windows
#

---------------  S U M M A R Y ------------

Command Line: -agentlib:jdwp=transport=dt_socket,address=127.0.0.1:58788,suspend=y,server=n -javaagent:C:\Users\jimmy\AppData\Local\JetBrains\IdeaIC2021.2\captureAgent\debugger-agent.jar -Dfile.encoding=UTF-8 com.ocrecognize.OcrApp

Host: Intel(R) Core(TM) i5-7300HQ CPU @ 2.50GHz, 4 cores, 23G,  Windows 10 , 64 bit Build 19041 (10.0.19041.1348)
Time: Thu Nov 18 16:28:50 2021 Paris, Madrid elapsed time: 141.637225 seconds (0d 0h 2m 21s)

---------------  T H R E A D  ---------------

Current thread (0x0000020f3e3ee1a0):  JavaThread "C2 CompilerThread0" daemon [_thread_in_native, id=18552, stack(0x00000057b9b00000,0x00000057b9c00000)]


Current CompileTask:
C2: 141637 7064       4       java.util.concurrent.locks.ReentrantLock$NonfairSync::initialTryLock (58 bytes)

Stack: [0x00000057b9b00000,0x00000057b9c00000]
Native frames: (J=compiled Java code, j=interpreted, Vv=VM code, C=native code)
V  [jvm.dll+0x6681ca]
V  [jvm.dll+0x7c9e69]
V  [jvm.dll+0x7cb61e]
V  [jvm.dll+0x7cbc73]
V  [jvm.dll+0x242c55]
V  [jvm.dll+0xadeba]
V  [jvm.dll+0xae45c]
V  [jvm.dll+0x35a8d7]
V  [jvm.dll+0x324de1]
V  [jvm.dll+0x32428a]
V  [jvm.dll+0x215cec]
V  [jvm.dll+0x215100]
V  [jvm.dll+0x1a1beb]
V  [jvm.dll+0x225158]
V  [jvm.dll+0x22319c]
V  [jvm.dll+0x77fa62]
V  [jvm.dll+0x7795aa]
V  [jvm.dll+0x667066]
C  [ucrtbase.dll+0x21bb2]
C  [KERNEL32.DLL+0x17034]
C  [ntdll.dll+0x52651]


---------------  P R O C E S S  ---------------

Threads class SMR info:
_java_thread_list=0x0000020f4916d5a0, length=40, elements={
0x0000020f3e3da7c0, 0x0000020f3e3db680, 0x0000020f3e3e92b0, 0x0000020f3e3e9eb0,
0x0000020f3e3ec9c0, 0x0000020f3e3ed3c0, 0x0000020f3e3ee1a0, 0x0000020f3f018100,
0x0000020f3e43d2e0, 0x0000020f17515dc0, 0x0000020f3f24d3f0, 0x0000020f3f27bbf0,
0x0000020f3f27c130, 0x0000020f3f9cea50, 0x0000020f41f55e80, 0x0000020f41f58900,
0x0000020f41f56e70, 0x0000020f41f573c0, 0x0000020f4a6ad020, 0x0000020f4a6b0540,
0x0000020f4a6ae010, 0x0000020f4a6ab040, 0x0000020f4a6ab590, 0x0000020f4a6acad0,
0x0000020f4a6abae0, 0x0000020f4a6af000, 0x0000020f4a6af550, 0x0000020f4a6aa5a0,
0x0000020f4a6b0a90, 0x0000020f4a6ad570, 0x0000020f4a6ac030, 0x0000020f4a6ac580,
0x0000020f4a6adac0, 0x0000020f4a6ae560, 0x0000020f4a6a9060, 0x0000020f4a6aaaf0,
0x0000020f4a6aeab0, 0x0000020f4a6afaa0, 0x0000020f4a6a95b0, 0x0000020f4a6a9b00
}

Java Threads: ( => current thread )
  0x0000020f3e3da7c0 JavaThread "Reference Handler" daemon [_thread_blocked, id=13812, stack(0x00000057b9500000,0x00000057b9600000)]
  0x0000020f3e3db680 JavaThread "Finalizer" daemon [_thread_blocked, id=20952, stack(0x00000057b9600000,0x00000057b9700000)]
  0x0000020f3e3e92b0 JavaThread "Signal Dispatcher" daemon [_thread_blocked, id=13784, stack(0x00000057b9700000,0x00000057b9800000)]
  0x0000020f3e3e9eb0 JavaThread "Attach Listener" daemon [_thread_blocked, id=19232, stack(0x00000057b9800000,0x00000057b9900000)]
  0x0000020f3e3ec9c0 JavaThread "Service Thread" daemon [_thread_blocked, id=2572, stack(0x00000057b9900000,0x00000057b9a00000)]
  0x0000020f3e3ed3c0 JavaThread "Monitor Deflation Thread" daemon [_thread_blocked, id=13036, stack(0x00000057b9a00000,0x00000057b9b00000)]
=>0x0000020f3e3ee1a0 JavaThread "C2 CompilerThread0" daemon [_thread_in_native, id=18552, stack(0x00000057b9b00000,0x00000057b9c00000)]
  0x0000020f3f018100 JavaThread "C1 CompilerThread0" daemon [_thread_blocked, id=25196, stack(0x00000057b9c00000,0x00000057b9d00000)]
  0x0000020f3e43d2e0 JavaThread "Sweeper thread" daemon [_thread_blocked, id=23744, stack(0x00000057b9d00000,0x00000057b9e00000)]
  0x0000020f17515dc0 JavaThread "Common-Cleaner" daemon [_thread_blocked, id=26564, stack(0x00000057b9e00000,0x00000057b9f00000)]
  0x0000020f3f24d3f0 JavaThread "JDWP Transport Listener: dt_socket" daemon [_thread_blocked, id=18260, stack(0x00000057b9f00000,0x00000057ba000000)]
  0x0000020f3f27bbf0 JavaThread "JDWP Event Helper Thread" daemon [_thread_blocked, id=2300, stack(0x00000057ba000000,0x00000057ba100000)]
  0x0000020f3f27c130 JavaThread "JDWP Command Reader" daemon [_thread_in_native, id=2084, stack(0x00000057ba100000,0x00000057ba200000)]
  0x0000020f3f9cea50 JavaThread "Notification Thread" daemon [_thread_blocked, id=21312, stack(0x00000057ba500000,0x00000057ba600000)]
  0x0000020f41f55e80 JavaThread "HikariPool-1 housekeeper" daemon [_thread_blocked, id=19392, stack(0x00000057baa00000,0x00000057bab00000)]
  0x0000020f41f58900 JavaThread "Catalina-utility-1" [_thread_blocked, id=10796, stack(0x00000057bad00000,0x00000057bae00000)]
  0x0000020f41f56e70 JavaThread "Catalina-utility-2" [_thread_blocked, id=10276, stack(0x00000057bae00000,0x00000057baf00000)]
  0x0000020f41f573c0 JavaThread "container-0" [_thread_blocked, id=18668, stack(0x00000057baf00000,0x00000057bb000000)]
  0x0000020f4a6ad020 JavaThread "spring.cloud.inetutils" daemon [_thread_blocked, id=1468, stack(0x00000057bb000000,0x00000057bb100000)]
  0x0000020f4a6b0540 JavaThread "Apache-HttpClient-Conn-Cleaner2" daemon [_thread_blocked, id=24392, stack(0x00000057bab00000,0x00000057bac00000)]
  0x0000020f4a6ae010 JavaThread "AsyncResolver-bootstrap-0" daemon [_thread_blocked, id=22692, stack(0x00000057bb100000,0x00000057bb200000)]
  0x0000020f4a6ab040 JavaThread "DiscoveryClient-0" daemon [_thread_blocked, id=4092, stack(0x00000057bb200000,0x00000057bb300000)]
  0x0000020f4a6ab590 JavaThread "DiscoveryClient-1" daemon [_thread_blocked, id=2324, stack(0x00000057bb300000,0x00000057bb400000)]
  0x0000020f4a6acad0 JavaThread "DiscoveryClient-InstanceInfoReplicator-0" daemon [_thread_blocked, id=26256, stack(0x00000057bb400000,0x00000057bb500000)]
  0x0000020f4a6abae0 JavaThread "http-nio-8082-BlockPoller" daemon [_thread_in_native, id=20396, stack(0x00000057bb500000,0x00000057bb600000)]
  0x0000020f4a6af000 JavaThread "http-nio-8082-exec-1" daemon [_thread_blocked, id=26048, stack(0x00000057bb600000,0x00000057bb700000)]
  0x0000020f4a6af550 JavaThread "http-nio-8082-exec-2" daemon [_thread_blocked, id=692, stack(0x00000057bb700000,0x00000057bb800000)]
  0x0000020f4a6aa5a0 JavaThread "http-nio-8082-exec-3" daemon [_thread_blocked, id=14032, stack(0x00000057bb800000,0x00000057bb900000)]
  0x0000020f4a6b0a90 JavaThread "http-nio-8082-exec-4" daemon [_thread_blocked, id=25288, stack(0x00000057bb900000,0x00000057bba00000)]
  0x0000020f4a6ad570 JavaThread "http-nio-8082-exec-5" daemon [_thread_blocked, id=19088, stack(0x00000057bba00000,0x00000057bbb00000)]
  0x0000020f4a6ac030 JavaThread "http-nio-8082-exec-6" daemon [_thread_blocked, id=8208, stack(0x00000057bbb00000,0x00000057bbc00000)]
  0x0000020f4a6ac580 JavaThread "http-nio-8082-exec-7" daemon [_thread_blocked, id=14280, stack(0x00000057bbc00000,0x00000057bbd00000)]
  0x0000020f4a6adac0 JavaThread "http-nio-8082-exec-8" daemon [_thread_blocked, id=24516, stack(0x00000057bbd00000,0x00000057bbe00000)]
  0x0000020f4a6ae560 JavaThread "http-nio-8082-exec-9" daemon [_thread_blocked, id=26500, stack(0x00000057bbe00000,0x00000057bbf00000)]
  0x0000020f4a6a9060 JavaThread "http-nio-8082-exec-10" daemon [_thread_blocked, id=25412, stack(0x00000057bbf00000,0x00000057bc000000)]
  0x0000020f4a6aaaf0 JavaThread "http-nio-8082-ClientPoller" daemon [_thread_in_native, id=19304, stack(0x00000057bc000000,0x00000057bc100000)]
  0x0000020f4a6aeab0 JavaThread "http-nio-8082-Acceptor" daemon [_thread_in_native, id=20240, stack(0x00000057bc100000,0x00000057bc200000)]
  0x0000020f4a6afaa0 JavaThread "DestroyJavaVM" [_thread_blocked, id=23764, stack(0x00000057b8e00000,0x00000057b8f00000)]
  0x0000020f4a6a95b0 JavaThread "DiscoveryClient-CacheRefreshExecutor-0" daemon [_thread_blocked, id=21848, stack(0x00000057bc300000,0x00000057bc400000)]
  0x0000020f4a6a9b00 JavaThread "DiscoveryClient-HeartbeatExecutor-0" daemon [_thread_blocked, id=13024, stack(0x00000057bc400000,0x00000057bc500000)]

Other Threads:
  0x0000020f3e3d0da0 VMThread "VM Thread" [stack: 0x00000057b9400000,0x00000057b9500000] [id=25932]
  0x0000020f3f282b00 WatcherThread [stack: 0x00000057ba600000,0x00000057ba700000] [id=3988]
  0x0000020f174bc0d0 GCTaskThread "GC Thread#0" [stack: 0x00000057b8f00000,0x00000057b9000000] [id=12892]
  0x0000020f3f480d20 GCTaskThread "GC Thread#1" [stack: 0x00000057ba200000,0x00000057ba300000] [id=20076]
  0x0000020f3f481030 GCTaskThread "GC Thread#2" [stack: 0x00000057ba300000,0x00000057ba400000] [id=20948]
  0x0000020f3f481340 GCTaskThread "GC Thread#3" [stack: 0x00000057ba400000,0x00000057ba500000] [id=21500]
  0x0000020f174c9150 ConcurrentGCThread "G1 Main Marker" [stack: 0x00000057b9000000,0x00000057b9100000] [id=3020]
  0x0000020f174cabd0 ConcurrentGCThread "G1 Conc#0" [stack: 0x00000057b9100000,0x00000057b9200000] [id=24880]
  0x0000020f3e2a20c0 ConcurrentGCThread "G1 Refine#0" [stack: 0x00000057b9200000,0x00000057b9300000] [id=14936]
  0x0000020f3fa8ea40 ConcurrentGCThread "G1 Refine#1" [stack: 0x00000057ba900000,0x00000057baa00000] [id=17736]
  0x0000020f3e2a2b40 ConcurrentGCThread "G1 Service" [stack: 0x00000057b9300000,0x00000057b9400000] [id=25424]

Threads with active compile tasks:
C2 CompilerThread0   141693 7064       4       java.util.concurrent.locks.ReentrantLock$NonfairSync::initialTryLock (58 bytes)

VM state: not at safepoint (normal execution)

VM Mutex/Monitor currently owned by a thread: None

Heap address: 0x0000000681800000, size: 6120 MB, Compressed Oops mode: Zero based, Oop shift amount: 3

CDS archive(s) mapped at: [0x0000000800000000-0x0000000800bb0000-0x0000000800bb0000), size 12255232, SharedBaseAddress: 0x0000000800000000, ArchiveRelocationMode: 0.
Compressed class space mapped at: 0x0000000800c00000-0x0000000840c00000, reserved size: 1073741824
Narrow klass base: 0x0000000800000000, Narrow klass shift: 3, Narrow klass range: 0x100000000

GC Precious Log:
 CPUs: 4 total, 4 available
 Memory: 24468M
 Large Page Support: Disabled
 NUMA Support: Disabled
 Compressed Oops: Enabled (Zero based)
 Heap Region Size: 4M
 Heap Min Capacity: 8M
 Heap Initial Capacity: 384M
 Heap Max Capacity: 6120M
 Pre-touch: Disabled
 Parallel Workers: 4
 Concurrent Workers: 1
 Concurrent Refinement Workers: 4
 Periodic GC: Disabled

Heap:
 garbage-first heap   total 110592K, used 75627K [0x0000000681800000, 0x0000000800000000)
  region size 4096K, 12 young (49152K), 2 survivors (8192K)
 Metaspace       used 75499K, committed 75904K, reserved 1122304K
  class space    used 10038K, committed 10240K, reserved 1048576K

Heap Regions: E=young(eden), S=young(survivor), O=old, HS=humongous(starts), HC=humongous(continues), CS=collection set, F=free, OA=open archive, CA=closed archive, TAMS=top-at-mark-start (previous, next)
|   0|0x0000000681800000, 0x0000000681c00000, 0x0000000681c00000|100%| O|  |TAMS 0x0000000681c00000, 0x0000000681800000| Untracked 
|   1|0x0000000681c00000, 0x0000000682000000, 0x0000000682000000|100%| O|  |TAMS 0x0000000682000000, 0x0000000681c00000| Untracked 
|   2|0x0000000682000000, 0x00000006821dac00, 0x0000000682400000| 46%| O|  |TAMS 0x0000000682000000, 0x0000000682000000| Untracked 
|   3|0x0000000682400000, 0x0000000682800000, 0x0000000682800000|100%| O|  |TAMS 0x0000000682800000, 0x0000000682400000| Untracked 
|   4|0x0000000682800000, 0x0000000682c00000, 0x0000000682c00000|100%| O|  |TAMS 0x0000000682c00000, 0x0000000682800000| Untracked 
|   5|0x0000000682c00000, 0x0000000682c00000, 0x0000000683000000|  0%| F|  |TAMS 0x0000000682c00000, 0x0000000682c00000| Untracked 
|   6|0x0000000683000000, 0x0000000683400000, 0x0000000683400000|100%| O|  |TAMS 0x0000000683400000, 0x0000000683000000| Untracked 
|   7|0x0000000683400000, 0x0000000683800000, 0x0000000683800000|100%| O|  |TAMS 0x0000000683800000, 0x0000000683400000| Untracked 
|   8|0x0000000683800000, 0x0000000683c00000, 0x0000000683c00000|100%| O|  |TAMS 0x000000068380ba00, 0x0000000683800000| Untracked 
|   9|0x0000000683c00000, 0x0000000683c00000, 0x0000000684000000|  0%| F|  |TAMS 0x0000000683c00000, 0x0000000683c00000| Untracked 
|  10|0x0000000684000000, 0x0000000684000000, 0x0000000684400000|  0%| F|  |TAMS 0x0000000684000000, 0x0000000684000000| Untracked 
|  11|0x0000000684400000, 0x0000000684400000, 0x0000000684800000|  0%| F|  |TAMS 0x0000000684400000, 0x0000000684400000| Untracked 
|  12|0x0000000684800000, 0x0000000684800000, 0x0000000684c00000|  0%| F|  |TAMS 0x0000000684800000, 0x0000000684800000| Untracked 
|  13|0x0000000684c00000, 0x0000000684c00000, 0x0000000685000000|  0%| F|  |TAMS 0x0000000684c00000, 0x0000000684c00000| Untracked 
|  14|0x0000000685000000, 0x0000000685400000, 0x0000000685400000|100%| S|CS|TAMS 0x0000000685000000, 0x0000000685000000| Complete 
|  15|0x0000000685400000, 0x0000000685800000, 0x0000000685800000|100%| S|CS|TAMS 0x0000000685400000, 0x0000000685400000| Complete 
|  16|0x0000000685800000, 0x0000000685800000, 0x0000000685c00000|  0%| F|  |TAMS 0x0000000685800000, 0x0000000685800000| Untracked 
|  17|0x0000000685c00000, 0x0000000685dbfab0, 0x0000000686000000| 43%| E|  |TAMS 0x0000000685c00000, 0x0000000685c00000| Complete 
|  18|0x0000000686000000, 0x0000000686400000, 0x0000000686400000|100%| E|CS|TAMS 0x0000000686000000, 0x0000000686000000| Complete 
|  19|0x0000000686400000, 0x0000000686800000, 0x0000000686800000|100%| E|CS|TAMS 0x0000000686400000, 0x0000000686400000| Complete 
|  20|0x0000000686800000, 0x0000000686c00000, 0x0000000686c00000|100%| E|CS|TAMS 0x0000000686800000, 0x0000000686800000| Complete 
|  21|0x0000000686c00000, 0x0000000687000000, 0x0000000687000000|100%| E|CS|TAMS 0x0000000686c00000, 0x0000000686c00000| Complete 
|  22|0x0000000687000000, 0x0000000687400000, 0x0000000687400000|100%| E|CS|TAMS 0x0000000687000000, 0x0000000687000000| Complete 
|  23|0x0000000687400000, 0x0000000687800000, 0x0000000687800000|100%| E|CS|TAMS 0x0000000687400000, 0x0000000687400000| Complete 
|  24|0x0000000687800000, 0x0000000687c00000, 0x0000000687c00000|100%| E|CS|TAMS 0x0000000687800000, 0x0000000687800000| Complete 
|  25|0x0000000687c00000, 0x0000000688000000, 0x0000000688000000|100%| E|CS|TAMS 0x0000000687c00000, 0x0000000687c00000| Complete 
|  95|0x0000000699400000, 0x0000000699800000, 0x0000000699800000|100%| E|CS|TAMS 0x0000000699400000, 0x0000000699400000| Complete 

Card table byte_map: [0x0000020f2e7c0000,0x0000020f2f3c0000] _byte_map_base: 0x0000020f2b3b4000

Marking Bits (Prev, Next): (CMBitMap*) 0x0000020f174bc800, (CMBitMap*) 0x0000020f174bc7c0
 Prev Bits: [0x0000020f35f60000, 0x0000020f3bf00000)
 Next Bits: [0x0000020f2ffc0000, 0x0000020f35f60000)

Polling page: 0x0000020f15340000

Metaspace:

Usage:
  Non-class:     63.93 MB used.
      Class:      9.80 MB used.
       Both:     73.73 MB used.

Virtual space:
  Non-class space:       72.00 MB reserved,      64.12 MB ( 89%) committed,  9 nodes.
      Class space:        1.00 GB reserved,      10.00 MB ( <1%) committed,  1 nodes.
              Both:        1.07 GB reserved,      74.12 MB (  7%) committed. 

Chunk freelists:
   Non-Class:  3.62 MB
       Class:  2.00 MB
        Both:  5.62 MB

MaxMetaspaceSize: 17179869184.00 GB
CompressedClassSpaceSize: 1.00 GB
 - commit_granule_bytes: 65536.
 - commit_granule_words: 8192.
 - virtual_space_node_default_size: 1048576.
 - enlarge_chunks_in_place: 1.
 - new_chunks_are_fully_committed: 0.
 - uncommit_free_chunks: 1.
 - use_allocation_guard: 0.
 - handle_deallocations: 1.


Internal statistics:

num_allocs_failed_limit: 9.
num_arena_births: 554.
num_arena_deaths: 0.
num_vsnodes_births: 10.
num_vsnodes_deaths: 0.
num_space_committed: 1186.
num_space_uncommitted: 0.
num_chunks_returned_to_freelist: 9.
num_chunks_taken_from_freelist: 3177.
num_chunk_merges: 9.
num_chunk_splits: 2328.
num_chunks_enlarged: 1887.
num_purges: 0.

CodeHeap 'non-profiled nmethods': size=120000Kb used=5827Kb max_used=5885Kb free=114172Kb
 bounds [0x0000020f26690000, 0x0000020f26c90000, 0x0000020f2dbc0000]
CodeHeap 'profiled nmethods': size=120000Kb used=12946Kb max_used=12946Kb free=107054Kb
 bounds [0x0000020f1f160000, 0x0000020f1fe10000, 0x0000020f26690000]
CodeHeap 'non-nmethods': size=5760Kb used=1405Kb max_used=1555Kb free=4355Kb
 bounds [0x0000020f1ebc0000, 0x0000020f1ee30000, 0x0000020f1f160000]
 total_blobs=6585 nmethods=5920 adapters=577
 compilation: enabled
              stopped_count=0, restarted_count=0
 full_count=0

Compilation events (20 events):
Event: 116.520 Thread 0x0000020f3f018100 nmethod 7053 0x0000020f26930910 code [0x0000020f26930aa0, 0x0000020f26930b78]
Event: 122.313 Thread 0x0000020f3f018100 7054       3       java.util.concurrent.locks.AbstractQueuedSynchronizer$ConditionObject::signal (34 bytes)
Event: 122.313 Thread 0x0000020f3f018100 nmethod 7054 0x0000020f1fe02890 code [0x0000020f1fe02a60, 0x0000020f1fe02de8]
Event: 125.305 Thread 0x0000020f3f018100 7055       3       java.util.concurrent.locks.LockSupport::setCurrentBlocker (14 bytes)
Event: 125.305 Thread 0x0000020f3f018100 nmethod 7055 0x0000020f1fe02f10 code [0x0000020f1fe030c0, 0x0000020f1fe03308]
Event: 131.442 Thread 0x0000020f3f018100 7056       1       java.util.EventObject::getSource (5 bytes)
Event: 131.442 Thread 0x0000020f3f018100 nmethod 7056 0x0000020f26930610 code [0x0000020f269307a0, 0x0000020f26930878]
Event: 134.030 Thread 0x0000020f3f018100 7057       3       java.util.concurrent.atomic.AtomicLong::getAndSet (12 bytes)
Event: 134.030 Thread 0x0000020f3f018100 nmethod 7057 0x0000020f1fe03390 code [0x0000020f1fe03520, 0x0000020f1fe03638]
Event: 134.030 Thread 0x0000020f3f018100 7058       3       jdk.internal.misc.Unsafe::getAndSetLong (24 bytes)
Event: 134.030 Thread 0x0000020f3f018100 nmethod 7058 0x0000020f1fe03710 code [0x0000020f1fe038c0, 0x0000020f1fe03b08]
Event: 134.317 Thread 0x0000020f3f018100 7059       3       java.util.concurrent.locks.AbstractQueuedSynchronizer$Node::setStatusRelaxed (12 bytes)
Event: 134.317 Thread 0x0000020f3f018100 nmethod 7059 0x0000020f1fe03c10 code [0x0000020f1fe03da0, 0x0000020f1fe03eb8]
Event: 136.311 Thread 0x0000020f3e3ee1a0 7060       4       jdk.internal.misc.Unsafe::weakCompareAndSetInt (11 bytes)
Event: 136.313 Thread 0x0000020f3e3ee1a0 nmethod 7060 0x0000020f26930310 code [0x0000020f26930480, 0x0000020f26930518]
Event: 137.305 Thread 0x0000020f3f018100 7061       3       jdk.internal.misc.Unsafe::putIntOpaque (9 bytes)
Event: 137.305 Thread 0x0000020f3f018100 nmethod 7061 0x0000020f1fe03f90 code [0x0000020f1fe04120, 0x0000020f1fe04238]
Event: 141.313 Thread 0x0000020f3f018100 7063       3       java.util.concurrent.locks.LockSupport::unpark (12 bytes)
Event: 141.313 Thread 0x0000020f3e3ee1a0 7064       4       java.util.concurrent.locks.ReentrantLock$NonfairSync::initialTryLock (58 bytes)
Event: 141.313 Thread 0x0000020f3f018100 nmethod 7063 0x0000020f1fe04310 code [0x0000020f1fe044c0, 0x0000020f1fe04628]

GC Heap History (20 events):
Event: 12.581 GC heap before
{Heap before GC invocations=9 (full 0):
 garbage-first heap   total 81920K, used 57532K [0x0000000681800000, 0x0000000800000000)
  region size 4096K, 12 young (49152K), 2 survivors (8192K)
 Metaspace       used 28307K, committed 28608K, reserved 1081344K
  class space    used 3561K, committed 3712K, reserved 1048576K
}
Event: 12.589 GC heap after
{Heap after GC invocations=10 (full 0):
 garbage-first heap   total 81920K, used 18073K [0x0000000681800000, 0x0000000800000000)
  region size 4096K, 2 young (8192K), 2 survivors (8192K)
 Metaspace       used 28307K, committed 28608K, reserved 1081344K
  class space    used 3561K, committed 3712K, reserved 1048576K
}
Event: 13.755 GC heap before
{Heap before GC invocations=10 (full 0):
 garbage-first heap   total 81920K, used 54937K [0x0000000681800000, 0x0000000800000000)
  region size 4096K, 11 young (45056K), 2 survivors (8192K)
 Metaspace       used 34827K, committed 35200K, reserved 1081344K
  class space    used 4450K, committed 4608K, reserved 1048576K
}
Event: 13.765 GC heap after
{Heap after GC invocations=11 (full 0):
 garbage-first heap   total 81920K, used 21344K [0x0000000681800000, 0x0000000800000000)
  region size 4096K, 2 young (8192K), 2 survivors (8192K)
 Metaspace       used 34827K, committed 35200K, reserved 1081344K
  class space    used 4450K, committed 4608K, reserved 1048576K
}
Event: 13.813 GC heap before
{Heap before GC invocations=11 (full 0):
 garbage-first heap   total 81920K, used 54112K [0x0000000681800000, 0x0000000800000000)
  region size 4096K, 11 young (45056K), 2 survivors (8192K)
 Metaspace       used 35060K, committed 35392K, reserved 1081344K
  class space    used 4468K, committed 4608K, reserved 1048576K
}
Event: 13.822 GC heap after
{Heap after GC invocations=12 (full 0):
 garbage-first heap   total 81920K, used 21621K [0x0000000681800000, 0x0000000800000000)
  region size 4096K, 1 young (4096K), 1 survivors (4096K)
 Metaspace       used 35060K, committed 35392K, reserved 1081344K
  class space    used 4468K, committed 4608K, reserved 1048576K
}
Event: 13.921 GC heap before
{Heap before GC invocations=12 (full 0):
 garbage-first heap   total 81920K, used 46197K [0x0000000681800000, 0x0000000800000000)
  region size 4096K, 8 young (32768K), 1 survivors (4096K)
 Metaspace       used 35228K, committed 35520K, reserved 1081344K
  class space    used 4478K, committed 4608K, reserved 1048576K
}
Event: 13.928 GC heap after
{Heap after GC invocations=13 (full 0):
 garbage-first heap   total 237568K, used 21700K [0x0000000681800000, 0x0000000800000000)
  region size 4096K, 1 young (4096K), 1 survivors (4096K)
 Metaspace       used 35228K, committed 35520K, reserved 1081344K
  class space    used 4478K, committed 4608K, reserved 1048576K
}
Event: 18.301 GC heap before
{Heap before GC invocations=14 (full 0):
 garbage-first heap   total 110592K, used 83140K [0x0000000681800000, 0x0000000800000000)
  region size 4096K, 16 young (65536K), 1 survivors (4096K)
 Metaspace       used 45495K, committed 45888K, reserved 1089536K
  class space    used 5806K, committed 5952K, reserved 1048576K
}
Event: 18.312 GC heap after
{Heap after GC invocations=15 (full 0):
 garbage-first heap   total 110592K, used 25274K [0x0000000681800000, 0x0000000800000000)
  region size 4096K, 2 young (8192K), 2 survivors (8192K)
 Metaspace       used 45495K, committed 45888K, reserved 1089536K
  class space    used 5806K, committed 5952K, reserved 1048576K
}
Event: 18.522 GC heap before
{Heap before GC invocations=15 (full 0):
 garbage-first heap   total 110592K, used 29370K [0x0000000681800000, 0x0000000800000000)
  region size 4096K, 3 young (12288K), 2 survivors (8192K)
 Metaspace       used 46611K, committed 46976K, reserved 1097728K
  class space    used 5972K, committed 6144K, reserved 1048576K
}
Event: 18.533 GC heap after
{Heap after GC invocations=16 (full 0):
 garbage-first heap   total 110592K, used 25849K [0x0000000681800000, 0x0000000800000000)
  region size 4096K, 1 young (4096K), 1 survivors (4096K)
 Metaspace       used 46611K, committed 46976K, reserved 1097728K
  class space    used 5972K, committed 6144K, reserved 1048576K
}
Event: 20.286 GC heap before
{Heap before GC invocations=16 (full 0):
 garbage-first heap   total 110592K, used 79097K [0x0000000681800000, 0x0000000800000000)
  region size 4096K, 14 young (57344K), 1 survivors (4096K)
 Metaspace       used 55425K, committed 55808K, reserved 1097728K
  class space    used 7250K, committed 7424K, reserved 1048576K
}
Event: 20.293 GC heap after
{Heap after GC invocations=17 (full 0):
 garbage-first heap   total 110592K, used 29056K [0x0000000681800000, 0x0000000800000000)
  region size 4096K, 2 young (8192K), 2 survivors (8192K)
 Metaspace       used 55425K, committed 55808K, reserved 1097728K
  class space    used 7250K, committed 7424K, reserved 1048576K
}
Event: 20.739 GC heap before
{Heap before GC invocations=17 (full 0):
 garbage-first heap   total 110592K, used 41344K [0x0000000681800000, 0x0000000800000000)
  region size 4096K, 6 young (24576K), 2 survivors (8192K)
 Metaspace       used 59005K, committed 59328K, reserved 1105920K
  class space    used 7824K, committed 8000K, reserved 1048576K
}
Event: 20.746 GC heap after
{Heap after GC invocations=18 (full 0):
 garbage-first heap   total 110592K, used 29865K [0x0000000681800000, 0x0000000800000000)
  region size 4096K, 2 young (8192K), 2 survivors (8192K)
 Metaspace       used 59005K, committed 59328K, reserved 1105920K
  class space    used 7824K, committed 8000K, reserved 1048576K
}
Event: 23.962 GC heap before
{Heap before GC invocations=19 (full 0):
 garbage-first heap   total 110592K, used 79017K [0x0000000681800000, 0x0000000800000000)
  region size 4096K, 14 young (57344K), 2 survivors (8192K)
 Metaspace       used 64778K, committed 65216K, reserved 1105920K
  class space    used 8676K, committed 8896K, reserved 1048576K
}
Event: 23.970 GC heap after
{Heap after GC invocations=20 (full 0):
 garbage-first heap   total 110592K, used 33580K [0x0000000681800000, 0x0000000800000000)
  region size 4096K, 2 young (8192K), 2 survivors (8192K)
 Metaspace       used 64778K, committed 65216K, reserved 1105920K
  class space    used 8676K, committed 8896K, reserved 1048576K
}
Event: 25.271 GC heap before
{Heap before GC invocations=20 (full 0):
 garbage-first heap   total 110592K, used 78636K [0x0000000681800000, 0x0000000800000000)
  region size 4096K, 13 young (53248K), 2 survivors (8192K)
 Metaspace       used 70424K, committed 70784K, reserved 1114112K
  class space    used 9347K, committed 9536K, reserved 1048576K
}
Event: 25.279 GC heap after
{Heap after GC invocations=21 (full 0):
 garbage-first heap   total 110592K, used 38763K [0x0000000681800000, 0x0000000800000000)
  region size 4096K, 2 young (8192K), 2 survivors (8192K)
 Metaspace       used 70424K, committed 70784K, reserved 1114112K
  class space    used 9347K, committed 9536K, reserved 1048576K
}

Deoptimization events (20 events):
Event: 26.102 Thread 0x0000020f1745c610 DEOPT PACKING pc=0x0000020f267c8708 sp=0x00000057b8efe160
Event: 26.102 Thread 0x0000020f1745c610 DEOPT UNPACKING pc=0x0000020f1ec0d72e sp=0x00000057b8efe200 mode 2
Event: 26.123 Thread 0x0000020f1745c610 Uncommon trap: trap_request=0xffffff45 fr.pc=0x0000020f26b1f878 relative=0x00000000000005b8
Event: 26.123 Thread 0x0000020f1745c610 Uncommon trap: reason=unstable_if action=reinterpret pc=0x0000020f26b1f878 method=java.util.TreeMap.getEntry(Ljava/lang/Object;)Ljava/util/TreeMap$Entry; @ 4 c2
Event: 26.123 Thread 0x0000020f1745c610 DEOPT PACKING pc=0x0000020f26b1f878 sp=0x00000057b8efd2f0
Event: 26.123 Thread 0x0000020f1745c610 DEOPT UNPACKING pc=0x0000020f1ec0d72e sp=0x00000057b8efd268 mode 2
Event: 26.196 Thread 0x0000020f1745c610 DEOPT PACKING pc=0x0000020f26af07f8 sp=0x00000057b8efd820
Event: 26.196 Thread 0x0000020f1745c610 DEOPT UNPACKING pc=0x0000020f1ec0dece sp=0x00000057b8efccb8 mode 1
Event: 26.197 Thread 0x0000020f1745c610 DEOPT PACKING pc=0x0000020f26af07f8 sp=0x00000057b8efd8e0
Event: 26.197 Thread 0x0000020f1745c610 DEOPT UNPACKING pc=0x0000020f1ec0dece sp=0x00000057b8efcd78 mode 1
Event: 26.197 Thread 0x0000020f1745c610 DEOPT PACKING pc=0x0000020f26af07f8 sp=0x00000057b8efd9b0
Event: 26.197 Thread 0x0000020f1745c610 DEOPT UNPACKING pc=0x0000020f1ec0dece sp=0x00000057b8efce48 mode 1
Event: 26.214 Thread 0x0000020f1745c610 DEOPT PACKING pc=0x0000020f26af07f8 sp=0x00000057b8efce90
Event: 26.215 Thread 0x0000020f1745c610 DEOPT UNPACKING pc=0x0000020f1ec0dece sp=0x00000057b8efc328 mode 1
Event: 26.215 Thread 0x0000020f1745c610 DEOPT PACKING pc=0x0000020f1fc6e035 sp=0x00000057b8efcb90
Event: 26.215 Thread 0x0000020f1745c610 DEOPT UNPACKING pc=0x0000020f1ec0dece sp=0x00000057b8efc0c8 mode 0
Event: 26.216 Thread 0x0000020f1745c610 DEOPT PACKING pc=0x0000020f26af07f8 sp=0x00000057b8efcf50
Event: 26.216 Thread 0x0000020f1745c610 DEOPT UNPACKING pc=0x0000020f1ec0dece sp=0x00000057b8efc3e8 mode 1
Event: 26.217 Thread 0x0000020f1745c610 DEOPT PACKING pc=0x0000020f26af07f8 sp=0x00000057b8efd020
Event: 26.217 Thread 0x0000020f1745c610 DEOPT UNPACKING pc=0x0000020f1ec0dece sp=0x00000057b8efc4b8 mode 1

Classes unloaded (0 events):
No events

Classes redefined (0 events):
No events

Internal exceptions (20 events):
Event: 24.076 Thread 0x0000020f1745c610 Exception <a 'java/lang/ClassNotFoundException'{0x0000000699756058}: java/lang/ObjectCustomizer> (0x0000000699756058) 
thrown [t:\workspace\open\src\hotspot\share\classfile\systemDictionary.cpp, line 256]
Event: 24.077 Thread 0x0000020f1745c610 Exception <a 'java/lang/ClassNotFoundException'{0x000000069975db50}: org/springframework/boot/actuate/autoconfigure/metrics/jdbc/DataSourcePoolMetricsAutoConfiguration$HikariDataSourceMetricsConfigurationCustomizer> (0x000000069975db50) 
thrown [t:\workspace\open\src\hotspot\share\classfile\systemDictionary.cpp, line 256]
Event: 24.082 Thread 0x0000020f1745c610 Exception <a 'java/lang/ClassNotFoundException'{0x0000000699785c88}: java/lang/ObjectCustomizer> (0x0000000699785c88) 
thrown [t:\workspace\open\src\hotspot\share\classfile\systemDictionary.cpp, line 256]
Event: 24.083 Thread 0x0000020f1745c610 Exception <a 'java/lang/ClassNotFoundException'{0x000000069978d630}: org/springframework/boot/actuate/autoconfigure/metrics/jdbc/DataSourcePoolMetricsAutoConfiguration$DataSourcePoolMetadataMetricsConfigurationCustomizer> (0x000000069978d630) 
thrown [t:\workspace\open\src\hotspot\share\classfile\systemDictionary.cpp, line 256]
Event: 24.088 Thread 0x0000020f1745c610 Exception <a 'java/lang/IncompatibleClassChangeError'{0x00000006997bc430}: Found class java.lang.Object, but interface was expected> (0x00000006997bc430) 
thrown [t:\workspace\open\src\hotspot\share\interpreter\linkResolver.cpp, line 857]
Event: 24.090 Thread 0x0000020f1745c610 Exception <a 'java/lang/ClassNotFoundException'{0x00000006997cace8}: java/lang/ObjectCustomizer> (0x00000006997cace8) 
thrown [t:\workspace\open\src\hotspot\share\classfile\systemDictionary.cpp, line 256]
Event: 24.092 Thread 0x0000020f1745c610 Exception <a 'java/lang/ClassNotFoundException'{0x00000006997d1f10}: org/springframework/boot/actuate/autoconfigure/metrics/orm/jpa/HibernateMetricsAutoConfigurationCustomizer> (0x00000006997d1f10) 
thrown [t:\workspace\open\src\hotspot\share\classfile\systemDictionary.cpp, line 256]
Event: 24.092 Thread 0x0000020f1745c610 Exception <a 'java/lang/ClassNotFoundException'{0x00000006997d8dd8}: org/springframework/beans/factory/SmartInitializingSingletonCustomizer> (0x00000006997d8dd8) 
thrown [t:\workspace\open\src\hotspot\share\classfile\systemDictionary.cpp, line 256]
Event: 24.176 Thread 0x0000020f1745c610 Implicit null exception at 0x0000020f26c4a9ef to 0x0000020f26c4da50
Event: 24.212 Thread 0x0000020f1745c610 Exception <a 'java/lang/ClassNotFoundException'{0x00000006879b8038}: java/lang/ObjectCustomizer> (0x00000006879b8038) 
thrown [t:\workspace\open\src\hotspot\share\classfile\systemDictionary.cpp, line 256]
Event: 24.212 Thread 0x0000020f1745c610 Exception <a 'java/lang/ClassNotFoundException'{0x00000006879bf8c8}: org/springframework/cloud/client/discovery/simple/SimpleDiscoveryClientAutoConfigurationCustomizer> (0x00000006879bf8c8) 
thrown [t:\workspace\open\src\hotspot\share\classfile\systemDictionary.cpp, line 256]
Event: 24.213 Thread 0x0000020f1745c610 Exception <a 'java/lang/ClassNotFoundException'{0x00000006879c9ea8}: org/springframework/context/ApplicationListenerCustomizer> (0x00000006879c9ea8) 
thrown [t:\workspace\open\src\hotspot\share\classfile\systemDictionary.cpp, line 256]
Event: 24.213 Thread 0x0000020f1745c610 Exception <a 'java/lang/ClassNotFoundException'{0x00000006879cbfd8}: java/util/EventListenerCustomizer> (0x00000006879cbfd8) 
thrown [t:\workspace\open\src\hotspot\share\classfile\systemDictionary.cpp, line 256]
Event: 24.642 Thread 0x0000020f1745c610 Exception <a 'java/lang/IncompatibleClassChangeError'{0x00000006871dc000}: Found class java.lang.Object, but interface was expected> (0x00000006871dc000) 
thrown [t:\workspace\open\src\hotspot\share\interpreter\linkResolver.cpp, line 857]
Event: 24.771 Thread 0x0000020f1745c610 Exception <a 'java/lang/IncompatibleClassChangeError'{0x0000000686e95280}: Found class java.lang.Object, but interface was expected> (0x0000000686e95280) 
thrown [t:\workspace\open\src\hotspot\share\interpreter\linkResolver.cpp, line 857]
Event: 24.809 Thread 0x0000020f1745c610 Implicit null exception at 0x0000020f26858b09 to 0x0000020f268597e0
Event: 25.425 Thread 0x0000020f1745c610 Exception <a 'sun/nio/fs/WindowsException'{0x000000069978c010}> (0x000000069978c010) 
thrown [t:\workspace\open\src\hotspot\share\prims\jni.cpp, line 579]
Event: 25.459 Thread 0x0000020f1745c610 Implicit null exception at 0x0000020f26b98ba0 to 0x0000020f26ba4f6c
Event: 25.634 Thread 0x0000020f1745c610 Exception <a 'java/lang/NoClassDefFoundError'{0x0000000687bcc130}: javax/mail/MessagingException> (0x0000000687bcc130) 
thrown [t:\workspace\open\src\hotspot\share\classfile\systemDictionary.cpp, line 245]
Event: 25.756 Thread 0x0000020f1745c610 Exception <a 'java/lang/NoClassDefFoundError'{0x0000000687289c88}: javax/mail/MessagingException> (0x0000000687289c88) 
thrown [t:\workspace\open\src\hotspot\share\classfile\systemDictionary.cpp, line 245]

Events (20 events):
Event: 32.061 Thread 0x0000020f4a45b040 Thread exited: 0x0000020f4a45b040
Event: 56.083 Thread 0x0000020f4a6a95b0 Thread added: 0x0000020f4a6a95b0
Event: 56.084 loading class com/netflix/discovery/shared/transport/decorator/EurekaHttpClientDecorator$7
Event: 56.084 loading class com/netflix/discovery/shared/transport/decorator/EurekaHttpClientDecorator$7 done
Event: 56.093 Thread 0x0000020f4a6a9b00 Thread added: 0x0000020f4a6a9b00
Event: 56.093 loading class com/netflix/discovery/shared/transport/decorator/EurekaHttpClientDecorator$3
Event: 56.093 loading class com/netflix/discovery/shared/transport/decorator/EurekaHttpClientDecorator$3 done
Event: 56.094 loading class org/apache/http/client/methods/HttpPut
Event: 56.094 loading class org/apache/http/client/methods/HttpPut done
Event: 56.649 Executing  VM operation: Cleanup
Event: 56.649 Executing  VM operation: Cleanup done
Event: 69.739 Thread 0x0000020f41b75910 Thread exited: 0x0000020f41b75910
Event: 81.870 Executing  VM operation: Cleanup
Event: 81.870 Executing  VM operation: Cleanup done
Event: 86.933 Executing  VM operation: Cleanup
Event: 86.933 Executing  VM operation: Cleanup done
Event: 112.120 Executing  VM operation: Cleanup
Event: 112.120 Executing  VM operation: Cleanup done
Event: 117.165 Executing  VM operation: Cleanup
Event: 117.165 Executing  VM operation: Cleanup done


Dynamic libraries:
0x00007ff62d5e0000 - 0x00007ff62d5f0000 	C:\Program Files\Java\jdk-16.0.2\bin\java.exe
0x00007ffc977d0000 - 0x00007ffc979c5000 	C:\WINDOWS\SYSTEM32\ntdll.dll
0x00007ffc97290000 - 0x00007ffc9734e000 	C:\WINDOWS\System32\KERNEL32.DLL
0x00007ffc953a0000 - 0x00007ffc95668000 	C:\WINDOWS\System32\KERNELBASE.dll
0x00007ffc95270000 - 0x00007ffc95370000 	C:\WINDOWS\System32\ucrtbase.dll
0x00007ffc50280000 - 0x00007ffc50298000 	C:\Program Files\Java\jdk-16.0.2\bin\jli.dll
0x00007ffc96740000 - 0x00007ffc967ec000 	C:\WINDOWS\System32\ADVAPI32.dll
0x00007ffc97550000 - 0x00007ffc975ee000 	C:\WINDOWS\System32\msvcrt.dll
0x00007ffc95d70000 - 0x00007ffc95e0b000 	C:\WINDOWS\System32\sechost.dll
0x00007ffc97420000 - 0x00007ffc9754a000 	C:\WINDOWS\System32\RPCRT4.dll
0x00007ffc95ea0000 - 0x00007ffc96041000 	C:\WINDOWS\System32\USER32.dll
0x00007ffc3fe70000 - 0x00007ffc3fe89000 	C:\Program Files\Java\jdk-16.0.2\bin\VCRUNTIME140.dll
0x00007ffc951e0000 - 0x00007ffc95202000 	C:\WINDOWS\System32\win32u.dll
0x00007ffc79440000 - 0x00007ffc796da000 	C:\WINDOWS\WinSxS\amd64_microsoft.windows.common-controls_6595b64144ccf1df_6.0.19041.1110_none_60b5254171f9507e\COMCTL32.dll
0x00007ffc95e10000 - 0x00007ffc95e3b000 	C:\WINDOWS\System32\GDI32.dll
0x00007ffc95670000 - 0x00007ffc9577b000 	C:\WINDOWS\System32\gdi32full.dll
0x00007ffc95780000 - 0x00007ffc9581d000 	C:\WINDOWS\System32\msvcp_win.dll
0x00007ffc8ccb0000 - 0x00007ffc8ccba000 	C:\WINDOWS\SYSTEM32\VERSION.dll
0x00007ffc973e0000 - 0x00007ffc97410000 	C:\WINDOWS\System32\IMM32.DLL
0x00007ffc714f0000 - 0x00007ffc714fc000 	C:\Program Files\Java\jdk-16.0.2\bin\vcruntime140_1.dll
0x00007ffc29060000 - 0x00007ffc290f1000 	C:\Program Files\Java\jdk-16.0.2\bin\msvcp140.dll
0x00007ffc08910000 - 0x00007ffc094bb000 	C:\Program Files\Java\jdk-16.0.2\bin\server\jvm.dll
0x00007ffc97410000 - 0x00007ffc97418000 	C:\WINDOWS\System32\PSAPI.DLL
0x00007ffc6b200000 - 0x00007ffc6b209000 	C:\WINDOWS\SYSTEM32\WSOCK32.dll
0x00007ffc8ced0000 - 0x00007ffc8cef7000 	C:\WINDOWS\SYSTEM32\WINMM.dll
0x00007ffc976a0000 - 0x00007ffc9770b000 	C:\WINDOWS\System32\WS2_32.dll
0x00007ffc93760000 - 0x00007ffc93772000 	C:\WINDOWS\SYSTEM32\kernel.appcore.dll
0x00007ffc4e540000 - 0x00007ffc4e54a000 	C:\Program Files\Java\jdk-16.0.2\bin\jimage.dll
0x00007ffc934f0000 - 0x00007ffc936d4000 	C:\WINDOWS\SYSTEM32\DBGHELP.DLL
0x00007ffc6af50000 - 0x00007ffc6af7c000 	C:\WINDOWS\SYSTEM32\dbgcore.DLL
0x00007ffc95150000 - 0x00007ffc951d3000 	C:\WINDOWS\System32\bcryptPrimitives.dll
0x00007ffc78db0000 - 0x00007ffc78deb000 	C:\Program Files\Java\jdk-16.0.2\bin\jdwp.dll
0x00007ffc49130000 - 0x00007ffc4913e000 	C:\Program Files\Java\jdk-16.0.2\bin\instrument.dll
0x00007ffc2e3f0000 - 0x00007ffc2e415000 	C:\Program Files\Java\jdk-16.0.2\bin\java.dll
0x00007ffc96b50000 - 0x00007ffc9728f000 	C:\WINDOWS\System32\SHELL32.dll
0x00007ffc92d60000 - 0x00007ffc934f0000 	C:\WINDOWS\SYSTEM32\windows.storage.dll
0x00007ffc967f0000 - 0x00007ffc96b45000 	C:\WINDOWS\System32\combase.dll
0x00007ffc94940000 - 0x00007ffc9496e000 	C:\WINDOWS\SYSTEM32\Wldp.dll
0x00007ffc975f0000 - 0x00007ffc9769d000 	C:\WINDOWS\System32\SHCORE.dll
0x00007ffc95950000 - 0x00007ffc959a5000 	C:\WINDOWS\System32\shlwapi.dll
0x00007ffc94e30000 - 0x00007ffc94e4f000 	C:\WINDOWS\SYSTEM32\profapi.dll
0x00007ffc90640000 - 0x00007ffc9064c000 	C:\Program Files\Java\jdk-16.0.2\bin\dt_socket.dll
0x00007ffc94320000 - 0x00007ffc9435b000 	C:\WINDOWS\SYSTEM32\IPHLPAPI.DLL
0x00007ffc946a0000 - 0x00007ffc9470a000 	C:\WINDOWS\system32\mswsock.dll
0x00007ffc2dee0000 - 0x00007ffc2def8000 	C:\Program Files\Java\jdk-16.0.2\bin\zip.dll
0x00007ffc2e050000 - 0x00007ffc2e069000 	C:\Program Files\Java\jdk-16.0.2\bin\net.dll
0x00007ffc87a40000 - 0x00007ffc87b4c000 	C:\WINDOWS\SYSTEM32\WINHTTP.dll
0x00007ffc2df00000 - 0x00007ffc2df13000 	C:\Program Files\Java\jdk-16.0.2\bin\nio.dll
0x00007ffc4d550000 - 0x00007ffc4d560000 	C:\Program Files\Java\jdk-16.0.2\bin\verify.dll
0x00007ffc97350000 - 0x00007ffc97358000 	C:\WINDOWS\System32\NSI.dll
0x00007ffc86300000 - 0x00007ffc86317000 	C:\WINDOWS\SYSTEM32\dhcpcsvc6.DLL
0x00007ffc87940000 - 0x00007ffc8795d000 	C:\WINDOWS\SYSTEM32\dhcpcsvc.DLL
0x00007ffc94370000 - 0x00007ffc9443b000 	C:\WINDOWS\SYSTEM32\DNSAPI.dll
0x00007ffc88150000 - 0x00007ffc8815a000 	C:\Windows\System32\rasadhlp.dll
0x00007ffc86330000 - 0x00007ffc863af000 	C:\WINDOWS\System32\fwpuclnt.dll
0x00007ffc95370000 - 0x00007ffc95397000 	C:\WINDOWS\System32\bcrypt.dll
0x00007ffc4d2b0000 - 0x00007ffc4d2b9000 	C:\Program Files\Java\jdk-16.0.2\bin\management.dll
0x00007ffc4cc60000 - 0x00007ffc4cc6b000 	C:\Program Files\Java\jdk-16.0.2\bin\management_ext.dll
0x00007ffc8e0f0000 - 0x00007ffc8e107000 	C:\WINDOWS\system32\napinsp.dll
0x00007ffc8dba0000 - 0x00007ffc8dbbb000 	C:\WINDOWS\system32\pnrpnsp.dll
0x00007ffc8fd70000 - 0x00007ffc8fd85000 	C:\WINDOWS\system32\wshbth.dll
0x00007ffc90540000 - 0x00007ffc9055d000 	C:\WINDOWS\system32\NLAapi.dll
0x00007ffc8db80000 - 0x00007ffc8db92000 	C:\WINDOWS\System32\winrnr.dll
0x00007ffc94890000 - 0x00007ffc948a8000 	C:\WINDOWS\SYSTEM32\CRYPTSP.dll
0x00007ffc93f70000 - 0x00007ffc93fa4000 	C:\WINDOWS\system32\rsaenh.dll
0x00007ffc94db0000 - 0x00007ffc94dde000 	C:\WINDOWS\SYSTEM32\USERENV.dll
0x00007ffc948b0000 - 0x00007ffc948bc000 	C:\WINDOWS\SYSTEM32\CRYPTBASE.dll
0x00007ffc49730000 - 0x00007ffc4973e000 	C:\Program Files\Java\jdk-16.0.2\bin\sunmscapi.dll
0x00007ffc94fa0000 - 0x00007ffc950f6000 	C:\WINDOWS\System32\CRYPT32.dll
0x00007ffc949b0000 - 0x00007ffc949d7000 	C:\WINDOWS\SYSTEM32\ncrypt.dll
0x00007ffc94970000 - 0x00007ffc949ab000 	C:\WINDOWS\SYSTEM32\NTASN1.dll
0x00007ffc49310000 - 0x00007ffc49317000 	C:\WINDOWS\system32\wshunix.dll

dbghelp: loaded successfully - version: 4.0.5 - missing functions: none
symbol engine: initialized successfully - sym options: 0x614 - pdb path: .;C:\Program Files\Java\jdk-16.0.2\bin;C:\WINDOWS\SYSTEM32;C:\WINDOWS\WinSxS\amd64_microsoft.windows.common-controls_6595b64144ccf1df_6.0.19041.1110_none_60b5254171f9507e;C:\Program Files\Java\jdk-16.0.2\bin\server

VM Arguments:
jvm_args: -agentlib:jdwp=transport=dt_socket,address=127.0.0.1:58788,suspend=y,server=n -javaagent:C:\Users\jimmy\AppData\Local\JetBrains\IdeaIC2021.2\captureAgent\debugger-agent.jar -Dfile.encoding=UTF-8 
java_command: com.ocrecognize.OcrApp
java_class_path (initial): D:\Projet OCRecognize\OCRecognize-Back\OCRecognize-Back-OCR\target\classes;C:\Users\jimmy\.m2\repository\org\springframework\cloud\spring-cloud-starter-config\2.2.8.RELEASE\spring-cloud-starter-config-2.2.8.RELEASE.jar;C:\Users\jimmy\.m2\repository\org\springframework\cloud\spring-cloud-starter\2.2.8.RELEASE\spring-cloud-starter-2.2.8.RELEASE.jar;C:\Users\jimmy\.m2\repository\org\springframework\cloud\spring-cloud-context\2.2.8.RELEASE\spring-cloud-context-2.2.8.RELEASE.jar;C:\Users\jimmy\.m2\repository\org\springframework\security\spring-security-crypto\5.3.9.RELEASE\spring-security-crypto-5.3.9.RELEASE.jar;C:\Users\jimmy\.m2\repository\org\springframework\cloud\spring-cloud-commons\2.2.8.RELEASE\spring-cloud-commons-2.2.8.RELEASE.jar;C:\Users\jimmy\.m2\repository\org\springframework\cloud\spring-cloud-config-client\2.2.8.RELEASE\spring-cloud-config-client-2.2.8.RELEASE.jar;C:\Users\jimmy\.m2\repository\org\springframework\boot\spring-boot-autoconfigure\2.3.12.RELEASE\spring-boot-autoconfigure-2.3.12.RELEASE.jar;C:\Users\jimmy\.m2\repository\com\fasterxml\jackson\core\jackson-annotations\2.11.4\jackson-annotations-2.11.4.jar;C:\Users\jimmy\.m2\repository\org\apache\httpcomponents\httpclient\4.5.13\httpclient-4.5.13.jar;C:\Users\jimmy\.m2\repository\org\apache\httpcomponents\httpcore\4.4.14\httpcore-4.4.14.jar;C:\Users\jimmy\.m2\repository\com\fasterxml\jackson\core\jackson-databind\2.11.4\jackson-databind-2.11.4.jar;C:\Users\jimmy\.m2\repository\com\fasterxml\jackson\core\jackson-core\2.11.4\jackson-core-2.11.4.jar;C:\Users\jimmy\.m2\repository\org\springframework\boot\spring-boot-starter-web\2.3.12.RELEASE\spring-boot-starter-web-2.3.12.RELEASE.jar;C:\Users\jimmy\.m2\repository\org\springframework\boot\spring-boot-starter\2.3.12.RELEASE\spring-boot-starter-2.3.12.RELEASE.jar;C:\Users\jimmy\.m2\repository\org\springframework\boot\spring-boot-starter-logging\2.3.12.RELEASE\spring-boot-starter-logging-2.3.12.RELEASE.jar;C:\Users\jimmy\.m2
Launcher Type: SUN_STANDARD

[Global flags]
     intx CICompilerCount                          = 3                                         {product} {ergonomic}
     uint ConcGCThreads                            = 1                                         {product} {ergonomic}
     uint G1ConcRefinementThreads                  = 4                                         {product} {ergonomic}
   size_t G1HeapRegionSize                         = 4194304                                   {product} {ergonomic}
    uintx GCDrainStackTargetSize                   = 64                                        {product} {ergonomic}
   size_t InitialHeapSize                          = 402653184                                 {product} {ergonomic}
   size_t MarkStackSize                            = 4194304                                   {product} {ergonomic}
   size_t MaxHeapSize                              = 6417285120                                {product} {ergonomic}
   size_t MaxNewSize                               = 3850371072                                {product} {ergonomic}
   size_t MinHeapDeltaBytes                        = 4194304                                   {product} {ergonomic}
   size_t MinHeapSize                              = 8388608                                   {product} {ergonomic}
    uintx NonNMethodCodeHeapSize                   = 5832780                                {pd product} {ergonomic}
    uintx NonProfiledCodeHeapSize                  = 122912730                              {pd product} {ergonomic}
    uintx ProfiledCodeHeapSize                     = 122912730                              {pd product} {ergonomic}
    uintx ReservedCodeCacheSize                    = 251658240                              {pd product} {ergonomic}
     bool SegmentedCodeCache                       = true                                      {product} {ergonomic}
   size_t SoftMaxHeapSize                          = 6417285120                             {manageable} {ergonomic}
     bool UseCompressedClassPointers               = true                           {product lp64_product} {ergonomic}
     bool UseCompressedOops                        = true                           {product lp64_product} {ergonomic}
     bool UseG1GC                                  = true                                      {product} {ergonomic}
     bool UseLargePagesIndividualAllocation        = false                                  {pd product} {ergonomic}

Logging:
Log output configuration:
 #0: stdout all=warning uptime,level,tags
 #1: stderr all=off uptime,level,tags

Environment Variables:
PATH=C:\Program Files\Common Files\Oracle\Java\javapath;C:\Program Files\OpenJDK\jdk-11.0.8.10-hotspot\bin;C:\Program Files (x86)\Common Files\Oracle\Java\javapath;C:\Program Files (x86)\Intel\iCLS Client\;C:\Program Files\Intel\iCLS Client\;C:\Windows\system32;C:\Windows;C:\Windows\System32\Wbem;C:\Windows\System32\WindowsPowerShell\v1.0\;C:\Program Files (x86)\Intel\Intel(R) Management Engine Components\DAL;C:\Program Files\Intel\Intel(R) Management Engine Components\DAL;C:\Program Files (x86)\Intel\Intel(R) Management Engine Components\IPT;C:\Program Files\Intel\Intel(R) Management Engine Components\IPT;C:\Program Files (x86)\NVIDIA Corporation\PhysX\Common;C:\WINDOWS\system32;C:\WINDOWS;C:\WINDOWS\System32\Wbem;C:\WINDOWS\System32\WindowsPowerShell\v1.0\;C:\WINDOWS\System32\OpenSSH\;D:\Git\cmd;D:\Node\;C:\Program Files\Java\jdk-16.0.2\bin;D:\PostgreSQL\bin;;C:\Program Files\NVIDIA Corporation\NVIDIA NvDLISR;C:\Users\jimmy\AppData\Local\Microsoft\WindowsApps;;D:\Microsoft VS Code\bin;C:\Users\jimmy\AppData\Roaming\npm
USERNAME=jimmy
OS=Windows_NT
PROCESSOR_IDENTIFIER=Intel64 Family 6 Model 158 Stepping 9, GenuineIntel



---------------  S Y S T E M  ---------------

OS:
 Windows 10 , 64 bit Build 19041 (10.0.19041.1348)
OS uptime: 0 days 9:01 hours
Hyper-V role detected

CPU: total 4 (initial active 4) (4 cores per cpu, 1 threads per core) family 6 model 158 stepping 9 microcode 0xb4, cx8, cmov, fxsr, mmx, 3dnowpref, sse, sse2, sse3, ssse3, sse4.1, sse4.2, popcnt, lzcnt, tsc, tscinvbit, avx, avx2, aes, erms, clmul, bmi1, bmi2, adx, fma, vzeroupper, clflush, clflushopt, hv

Memory: 4k page, system-wide physical 24468M (938M free)
TotalPageFile size 39571M (AvailPageFile size 0M)
current process WorkingSet (physical memory assigned to process): 66M, peak: 390M
current process commit charge ("private bytes"): 319M, peak: 540M

vm_info: Java HotSpot(TM) 64-Bit Server VM (16.0.2+7-67) for windows-amd64 JRE (16.0.2+7-67), built on Jun  8 2021 23:24:19 by "mach5one" with MS VC++ 16.7 (VS2019)

END.
